SF:lib/core/domain/project/project_entity.dart
DA:8,6
DA:11,3
DA:12,6
DA:13,3
DA:14,9
DA:17,6
DA:19,3
DA:21,2
DA:22,0
DA:24,6
DA:26,4
DA:28,1
DA:29,3
DA:30,7
DA:34,1
DA:35,4
DA:36,7
DA:40,1
DA:41,2
DA:42,3
DA:43,3
DA:47,1
DA:48,2
DA:49,4
DA:50,3
DA:52,2
DA:56,3
DA:57,3
DA:58,2
DA:60,3
LF:30
LH:29
end_of_record
SF:lib/core/domain/project/project_usecases.dart
DA:8,1
DA:9,1
DA:12,1
DA:13,1
DA:14,1
DA:15,0
DA:18,2
DA:21,0
DA:22,0
DA:23,0
DA:26,0
DA:29,0
DA:30,0
DA:32,0
DA:35,0
DA:38,0
DA:39,0
DA:42,0
DA:43,0
LF:19
LH:6
end_of_record
SF:lib/adapter/getx/project/project_controller.dart
DA:8,2
DA:10,1
DA:11,1
DA:16,1
DA:18,1
DA:20,1
DA:23,1
DA:25,2
DA:26,1
DA:29,1
DA:30,5
DA:31,2
DA:32,1
DA:35,1
DA:36,3
LF:15
LH:15
end_of_record
SF:lib/main.dart
DA:3,0
DA:4,0
DA:8,2
DA:11,1
DA:13,1
DA:15,1
DA:33,1
DA:46,1
DA:47,1
DA:53,1
DA:54,2
DA:60,2
DA:64,1
DA:72,1
DA:73,1
DA:76,3
DA:78,1
DA:81,1
DA:97,1
DA:101,1
DA:102,2
DA:103,3
DA:108,1
DA:109,1
LF:24
LH:22
end_of_record
